2013-05-19 22:40:39-567	[NOTICE]	 
Input Summary:	189 samples of 9
 traits in following files:
	Trait Interval Data in:     data/traitInterval.txt
	Gene Data of Children in:   data/geneChildFull.txt
	Gene Data of Parent(F) in:  data/geneParentF.txt
	Gene Data of Parent(M) in:  data/geneParentM.txt
	Express Data in:            data/expressData.txt
For LOD Threshold, 100 random data will run.
Calculation step:	1
2013-05-19 22:40:39-586	[NOTICE]	 1	[ 0 ~ 1 ]:[ 9.1 ]	3.13799
2013-05-19 22:40:39-599	[NOTICE]	 1	[ 1 ~ 2 ]:[ 9.1 ]	3.69102
2013-05-19 22:40:39-613	[NOTICE]	 1	[ 2 ~ 3 ]:[ 9.1 ]	4.23699
2013-05-19 22:40:39-628	[NOTICE]	 1	[ 3 ~ 4 ]:[ 9.1 ]	4.75821
2013-05-19 22:40:39-643	[NOTICE]	 1	[ 4 ~ 5 ]:[ 9.1 ]	5.24998
2013-05-19 22:40:39-657	[NOTICE]	 1	[ 5 ~ 6 ]:[ 9.1 ]	5.71234
2013-05-19 22:40:39-673	[NOTICE]	 1	[ 6 ~ 7 ]:[ 9.1 ]	6.14586
2013-05-19 22:40:39-687	[NOTICE]	 1	[ 7 ~ 8 ]:[ 9.1 ]	6.55037
2013-05-19 22:40:39-703	[NOTICE]	 1	[ 8 ~ 9 ]:[ 9.1 ]	6.92516
2013-05-19 22:40:39-716	[NOTICE]	 1	[ 9 ~ 9.1 ]:[ 9.1 ]	7.2693
2013-05-19 22:40:39-729	[NOTICE]	 2	[ 0 ~ 1 ]:[ 4.2 ]	7.30199
2013-05-19 22:40:39-745	[NOTICE]	 2	[ 1 ~ 2 ]:[ 4.2 ]	7.46431
2013-05-19 22:40:39-763	[NOTICE]	 2	[ 2 ~ 3 ]:[ 4.2 ]	7.52697
2013-05-19 22:40:39-779	[NOTICE]	 2	[ 3 ~ 4 ]:[ 4.2 ]	7.4863
2013-05-19 22:40:39-794	[NOTICE]	 2	[ 4 ~ 4.2 ]:[ 4.2 ]	7.32971
2013-05-19 22:40:39-810	[NOTICE]	 3	[ 0 ~ 1 ]:[ 1.3 ]	7.28291
2013-05-19 22:40:39-824	[NOTICE]	 3	[ 1 ~ 1.3 ]:[ 1.3 ]	7.05734
2013-05-19 22:40:39-838	[NOTICE]	 4	[ 0 ~ 0.8 ]:[ 0.8 ]	6.94697
2013-05-19 22:40:39-854	[NOTICE]	 5	[ 0 ~ 1 ]:[ 1.6 ]	7.51325
2013-05-19 22:40:39-869	[NOTICE]	 5	[ 1 ~ 1.6 ]:[ 1.6 ]	9.0754
2013-05-19 22:40:39-881	[NOTICE]	 6	[ 0 ~ 1 ]:[ 3.3 ]	9.5439
2013-05-19 22:40:39-894	[NOTICE]	 6	[ 1 ~ 2 ]:[ 3.3 ]	10.6045
2013-05-19 22:40:39-909	[NOTICE]	 6	[ 2 ~ 3 ]:[ 3.3 ]	10.6748
2013-05-19 22:40:39-923	[NOTICE]	 6	[ 3 ~ 3.3 ]:[ 3.3 ]	10.1002
2013-05-19 22:40:39-936	[NOTICE]	 7	[ 0 ~ 1 ]:[ 2.2 ]	9.75363
2013-05-19 22:40:39-948	[NOTICE]	 7	[ 1 ~ 2 ]:[ 2.2 ]	9.09651
2013-05-19 22:40:39-960	[NOTICE]	 7	[ 2 ~ 2.2 ]:[ 2.2 ]	7.99696
2013-05-19 22:40:39-960	[NOTICE]	 MAX LOD:	Trait 6[2~3] = 10.6748
2013-05-19 22:40:40-285	[NOTICE]	 [1] MAX LOD in Remix: = 0.615813
2013-05-19 22:40:40-654	[NOTICE]	 [2] MAX LOD in Remix: = 1.01219
2013-05-19 22:40:40-993	[NOTICE]	 [3] MAX LOD in Remix: = 0.119327
2013-05-19 22:40:41-320	[NOTICE]	 [4] MAX LOD in Remix: = 0.531487
2013-05-19 22:40:41-635	[NOTICE]	 [5] MAX LOD in Remix: = 0.426308
2013-05-19 22:40:41-945	[NOTICE]	 [6] MAX LOD in Remix: = 0.38951
2013-05-19 22:40:42-262	[NOTICE]	 [7] MAX LOD in Remix: = 0.658653
2013-05-19 22:40:42-573	[NOTICE]	 [8] MAX LOD in Remix: = 0.39276
2013-05-19 22:40:42-892	[NOTICE]	 [9] MAX LOD in Remix: = 0.572093
2013-05-19 22:40:43-205	[NOTICE]	 [10] MAX LOD in Remix: = 0.720349
2013-05-19 22:40:43-514	[NOTICE]	 [11] MAX LOD in Remix: = 0.514655
2013-05-19 22:40:43-833	[NOTICE]	 [12] MAX LOD in Remix: = 0.693171
2013-05-19 22:40:44-151	[NOTICE]	 [13] MAX LOD in Remix: = 1.0642
2013-05-19 22:40:44-464	[NOTICE]	 [14] MAX LOD in Remix: = 0.542712
2013-05-19 22:40:44-780	[NOTICE]	 [15] MAX LOD in Remix: = 1.38145
2013-05-19 22:40:45-093	[NOTICE]	 [16] MAX LOD in Remix: = 0.388268
2013-05-19 22:40:45-405	[NOTICE]	 [17] MAX LOD in Remix: = 1.24154
2013-05-19 22:40:45-722	[NOTICE]	 [18] MAX LOD in Remix: = 1.06349
2013-05-19 22:40:46-038	[NOTICE]	 [19] MAX LOD in Remix: = 0.288483
2013-05-19 22:40:46-346	[NOTICE]	 [20] MAX LOD in Remix: = 0.162901
2013-05-19 22:40:46-656	[NOTICE]	 [21] MAX LOD in Remix: = 0.269582
2013-05-19 22:40:46-970	[NOTICE]	 [22] MAX LOD in Remix: = 2.6929
2013-05-19 22:40:47-280	[NOTICE]	 [23] MAX LOD in Remix: = 0.469252
2013-05-19 22:40:47-597	[NOTICE]	 [24] MAX LOD in Remix: = 0.616408
2013-05-19 22:40:47-911	[NOTICE]	 [25] MAX LOD in Remix: = 1.30327
2013-05-19 22:40:48-234	[NOTICE]	 [26] MAX LOD in Remix: = 1.05294
2013-05-19 22:40:48-542	[NOTICE]	 [27] MAX LOD in Remix: = 0.296294
2013-05-19 22:40:48-854	[NOTICE]	 [28] MAX LOD in Remix: = 0.29677
2013-05-19 22:40:49-167	[NOTICE]	 [29] MAX LOD in Remix: = 1.68434
2013-05-19 22:40:49-486	[NOTICE]	 [30] MAX LOD in Remix: = 0.757243
2013-05-19 22:40:49-797	[NOTICE]	 [31] MAX LOD in Remix: = 3.5155
2013-05-19 22:40:50-113	[NOTICE]	 [32] MAX LOD in Remix: = 0.339958
2013-05-19 22:40:50-427	[NOTICE]	 [33] MAX LOD in Remix: = 0.598239
2013-05-19 22:40:50-746	[NOTICE]	 [34] MAX LOD in Remix: = 0.481612
2013-05-19 22:40:51-064	[NOTICE]	 [35] MAX LOD in Remix: = 0.701391
2013-05-19 22:40:51-374	[NOTICE]	 [36] MAX LOD in Remix: = 2.79999
2013-05-19 22:40:51-694	[NOTICE]	 [37] MAX LOD in Remix: = 0.487298
2013-05-19 22:40:52-012	[NOTICE]	 [38] MAX LOD in Remix: = 0.797866
2013-05-19 22:40:52-332	[NOTICE]	 [39] MAX LOD in Remix: = 0.297923
2013-05-19 22:40:52-646	[NOTICE]	 [40] MAX LOD in Remix: = 0.757806
2013-05-19 22:40:52-961	[NOTICE]	 [41] MAX LOD in Remix: = 0.538378
2013-05-19 22:40:53-277	[NOTICE]	 [42] MAX LOD in Remix: = 2.42827
2013-05-19 22:40:53-591	[NOTICE]	 [43] MAX LOD in Remix: = 0.683634
2013-05-19 22:40:53-902	[NOTICE]	 [44] MAX LOD in Remix: = 0.743588
2013-05-19 22:40:54-220	[NOTICE]	 [45] MAX LOD in Remix: = 0.561211
2013-05-19 22:40:54-537	[NOTICE]	 [46] MAX LOD in Remix: = 1.10685
2013-05-19 22:40:54-914	[NOTICE]	 [47] MAX LOD in Remix: = 0.537024
2013-05-19 22:40:55-249	[NOTICE]	 [48] MAX LOD in Remix: = 0.396902
2013-05-19 22:40:55-570	[NOTICE]	 [49] MAX LOD in Remix: = 0.832542
2013-05-19 22:40:55-883	[NOTICE]	 [50] MAX LOD in Remix: = 0.565738
2013-05-19 22:40:56-208	[NOTICE]	 [51] MAX LOD in Remix: = 0.478998
2013-05-19 22:40:56-518	[NOTICE]	 [52] MAX LOD in Remix: = 0.359912
2013-05-19 22:40:56-838	[NOTICE]	 [53] MAX LOD in Remix: = 0.314533
2013-05-19 22:40:57-152	[NOTICE]	 [54] MAX LOD in Remix: = 0.904917
2013-05-19 22:40:57-468	[NOTICE]	 [55] MAX LOD in Remix: = 0.920122
2013-05-19 22:40:57-783	[NOTICE]	 [56] MAX LOD in Remix: = 0.551081
2013-05-19 22:40:58-100	[NOTICE]	 [57] MAX LOD in Remix: = 0.981189
2013-05-19 22:40:58-421	[NOTICE]	 [58] MAX LOD in Remix: = 0.300715
2013-05-19 22:40:58-735	[NOTICE]	 [59] MAX LOD in Remix: = 0.433114
2013-05-19 22:40:59-060	[NOTICE]	 [60] MAX LOD in Remix: = 0.533732
2013-05-19 22:40:59-416	[NOTICE]	 [61] MAX LOD in Remix: = 0.21158
2013-05-19 22:40:59-829	[NOTICE]	 [62] MAX LOD in Remix: = 0.103978
2013-05-19 22:41:00-314	[NOTICE]	 [63] MAX LOD in Remix: = 1.44269
2013-05-19 22:41:00-741	[NOTICE]	 [64] MAX LOD in Remix: = 0.716816
2013-05-19 22:41:01-113	[NOTICE]	 [65] MAX LOD in Remix: = 0.179581
2013-05-19 22:41:01-433	[NOTICE]	 [66] MAX LOD in Remix: = 0.357617
2013-05-19 22:41:01-748	[NOTICE]	 [67] MAX LOD in Remix: = 1.02989
2013-05-19 22:41:02-070	[NOTICE]	 [68] MAX LOD in Remix: = 0.614929
2013-05-19 22:41:02-381	[NOTICE]	 [69] MAX LOD in Remix: = 0.638427
2013-05-19 22:41:02-696	[NOTICE]	 [70] MAX LOD in Remix: = 1.00253
2013-05-19 22:41:03-013	[NOTICE]	 [71] MAX LOD in Remix: = 0.340792
2013-05-19 22:41:03-359	[NOTICE]	 [72] MAX LOD in Remix: = 0.258551
2013-05-19 22:41:03-679	[NOTICE]	 [73] MAX LOD in Remix: = 0.820914
2013-05-19 22:41:03-992	[NOTICE]	 [74] MAX LOD in Remix: = 0.799181
2013-05-19 22:41:04-307	[NOTICE]	 [75] MAX LOD in Remix: = 0.850175
2013-05-19 22:41:04-625	[NOTICE]	 [76] MAX LOD in Remix: = 0.750973
2013-05-19 22:41:04-948	[NOTICE]	 [77] MAX LOD in Remix: = 1.00773
2013-05-19 22:41:05-257	[NOTICE]	 [78] MAX LOD in Remix: = 0.744199
2013-05-19 22:41:05-567	[NOTICE]	 [79] MAX LOD in Remix: = 1.23498
2013-05-19 22:41:05-881	[NOTICE]	 [80] MAX LOD in Remix: = 0.857315
2013-05-19 22:41:06-196	[NOTICE]	 [81] MAX LOD in Remix: = 0.246547
2013-05-19 22:41:06-504	[NOTICE]	 [82] MAX LOD in Remix: = 0.627493
2013-05-19 22:41:06-815	[NOTICE]	 [83] MAX LOD in Remix: = 2.11849
2013-05-19 22:41:07-126	[NOTICE]	 [84] MAX LOD in Remix: = 0.473099
2013-05-19 22:41:07-441	[NOTICE]	 [85] MAX LOD in Remix: = 0.702355
2013-05-19 22:41:07-751	[NOTICE]	 [86] MAX LOD in Remix: = 0.573198
2013-05-19 22:41:08-068	[NOTICE]	 [87] MAX LOD in Remix: = 0.61357
2013-05-19 22:41:08-384	[NOTICE]	 [88] MAX LOD in Remix: = 0.38897
2013-05-19 22:41:08-705	[NOTICE]	 [89] MAX LOD in Remix: = 0.260068
2013-05-19 22:41:09-023	[NOTICE]	 [90] MAX LOD in Remix: = 0.316984
2013-05-19 22:41:09-335	[NOTICE]	 [91] MAX LOD in Remix: = 0.546704
2013-05-19 22:41:09-648	[NOTICE]	 [92] MAX LOD in Remix: = 0.747252
2013-05-19 22:41:09-968	[NOTICE]	 [93] MAX LOD in Remix: = 1.60181
2013-05-19 22:41:10-284	[NOTICE]	 [94] MAX LOD in Remix: = 0.862243
2013-05-19 22:41:10-608	[NOTICE]	 [95] MAX LOD in Remix: = 0.49729
2013-05-19 22:41:10-926	[NOTICE]	 [96] MAX LOD in Remix: = 0.253102
2013-05-19 22:41:11-242	[NOTICE]	 [97] MAX LOD in Remix: = 0.343988
2013-05-19 22:41:11-557	[NOTICE]	 [98] MAX LOD in Remix: = 0.564013
2013-05-19 22:41:11-883	[NOTICE]	 [99] MAX LOD in Remix: = 1.39784
2013-05-19 22:41:12-195	[NOTICE]	 [100] MAX LOD in Remix: = 0.179888
2013-05-19 22:41:12-195	[NOTICE]	 Max of 100 random re-mix data is 3.5155
2013-05-19 22:41:12-195	[WARN]	 QTL DETECTED
2013-05-19 22:41:12-195	[NOTICE]	 Total time: 32600.6 ms
2013-05-19 22:41:12-195	[NOTICE]	 Average time:322.779 ms
